<?xml version="1.0" encoding="UTF-8"?>
<testsuite name="agh.ii.prinjava.proj3.dal.MovieDAOTest" tests="10" skipped="0" failures="0" errors="0" timestamp="2022-04-22T10:59:10" hostname="DESKTOP-UVUAAVB" time="0.298">
  <properties/>
  <testcase name="moviesPerTop10Director()" classname="agh.ii.prinjava.proj3.dal.MovieDAOTest" time="0.231"/>
  <testcase name="moviesPerTop5ActorPartnerships()" classname="agh.ii.prinjava.proj3.dal.MovieDAOTest" time="0.008"/>
  <testcase name="numberOfMoviesPerDirector()" classname="agh.ii.prinjava.proj3.dal.MovieDAOTest" time="0.012"/>
  <testcase name="moviesTheActorPlayedIn()" classname="agh.ii.prinjava.proj3.dal.MovieDAOTest" time="0.013"/>
  <testcase name="top5FrequentActorPartnerships()" classname="agh.ii.prinjava.proj3.dal.MovieDAOTest" time="0.006"/>
  <testcase name="numberOfMoviesPerActor()" classname="agh.ii.prinjava.proj3.dal.MovieDAOTest" time="0.007"/>
  <testcase name="moviesPerTop9Actor()" classname="agh.ii.prinjava.proj3.dal.MovieDAOTest" time="0.007"/>
  <testcase name="numberOfMoviesPerTop10Director()" classname="agh.ii.prinjava.proj3.dal.MovieDAOTest" time="0.002"/>
  <testcase name="numberOfMoviesPerTop9Actor()" classname="agh.ii.prinjava.proj3.dal.MovieDAOTest" time="0.002"/>
  <testcase name="moviesDirectedBy()" classname="agh.ii.prinjava.proj3.dal.MovieDAOTest" time="0.004"/>
  <system-out><![CDATA[]]></system-out>
  <system-err><![CDATA[]]></system-err>
</testsuite>
