<?xml version="1.0" encoding="UTF-8"?>
<testsuite name="agh.ii.prinjava.lab03.exc03_01.impl.LinkedListBasedImplTest" tests="4" skipped="0" failures="0" errors="0" timestamp="2022-03-07T16:31:42" hostname="DESKTOP-UVUAAVB" time="0.027">
  <properties/>
  <testcase name="testPushandPeeks01()" classname="agh.ii.prinjava.lab03.exc03_01.impl.LinkedListBasedImplTest" time="0.023"/>
  <testcase name="newQueueIsEmpty()" classname="agh.ii.prinjava.lab03.exc03_01.impl.LinkedListBasedImplTest" time="0.001"/>
  <testcase name="testDequeue01()" classname="agh.ii.prinjava.lab03.exc03_01.impl.LinkedListBasedImplTest" time="0.001"/>
  <testcase name="HardQueue()" classname="agh.ii.prinjava.lab03.exc03_01.impl.LinkedListBasedImplTest" time="0.001"/>
  <system-out><![CDATA[]]></system-out>
  <system-err><![CDATA[]]></system-err>
</testsuite>
