<?xml version="1.0" encoding="UTF-8"?>
<testsuite name="agh.ii.prinjava.lab00.lst00_01.CalcTest" tests="1" skipped="0" failures="0" errors="0" timestamp="2022-02-10T16:16:46" hostname="DESKTOP-UVUAAVB" time="0.032">
  <properties/>
  <testcase name="add()" classname="agh.ii.prinjava.lab00.lst00_01.CalcTest" time="0.032"/>
  <system-out><![CDATA[CalcTest.setUp...
CalcTest.tearDown...
]]></system-out>
  <system-err><![CDATA[]]></system-err>
</testsuite>
