<?xml version="1.0" encoding="UTF-8"?>
<testsuite name="agh.ii.prinjava.proj1.impl.MyQueueDLLBImplTest" tests="5" skipped="0" failures="0" errors="0" timestamp="2022-03-09T17:43:39" hostname="DESKTOP-UVUAAVB" time="0.024">
  <properties/>
  <testcase name="enqueue1element()" classname="agh.ii.prinjava.proj1.impl.MyQueueDLLBImplTest" time="0.019"/>
  <testcase name="hardqueue()" classname="agh.ii.prinjava.proj1.impl.MyQueueDLLBImplTest" time="0.002"/>
  <testcase name="enqueue1andpeek()" classname="agh.ii.prinjava.proj1.impl.MyQueueDLLBImplTest" time="0.001"/>
  <testcase name="enqueue1andqeueue()" classname="agh.ii.prinjava.proj1.impl.MyQueueDLLBImplTest" time="0.001"/>
  <testcase name="creation()" classname="agh.ii.prinjava.proj1.impl.MyQueueDLLBImplTest" time="0.001"/>
  <system-out><![CDATA[]]></system-out>
  <system-err><![CDATA[]]></system-err>
</testsuite>
